<?xml version="1.0" encoding="UTF-8"?>
<!-- Generated by org.testng.reporters.JUnitReportReporter -->
<testsuite hostname="Lenovo" failures="0" tests="7" name="org.test.TestClass" time="29.620" errors="0" timestamp="2023-10-14T12:15:58 IST" skipped="0">
  <testcase classname="org.test.TestClass" name="tc01" time="7.446"/>
  <testcase classname="org.test.TestClass" name="tc02" time="4.616"/>
  <testcase classname="org.test.TestClass" name="tc03" time="2.574"/>
  <testcase classname="org.test.TestClass" name="tc04" time="5.608"/>
  <testcase classname="org.test.TestClass" name="tc05" time="1.708"/>
  <testcase classname="org.test.TestClass" name="tc06" time="4.551"/>
  <testcase classname="org.test.TestClass" name="tc07" time="3.117"/>
</testsuite> <!-- org.test.TestClass -->
